Command: FastTreeMP -quiet -gtr -nt -log 61_otus.tre.log -out 61_otus.tre 61_otus_deduplicated_aligned.fasta
FastTree Version 2.1.7 SSE3, OpenMP (16 threads)
Alignment: 61_otus_deduplicated_aligned.fasta
Nucleotide distances: Jukes-Cantor Joins: balanced Support: SH-like 1000
Search: Normal +NNI +SPR (2 rounds range 10) +ML-NNI opt-each=1
TopHits: 1.00*sqrtN close=default refresh=0.80
ML Model: Generalized Time-Reversible, CAT approximation with 20 rate categories
Read 22 sequences, 1292 positions
NJ	(4336814:0.10380,(4251079:0.12160,(4363563:0.16365,(2107103:0.17696,(4452949:0.09641,3190878:0.13367):0.01901):0.01324):0.00617):0.01426,(((4363260:0.07944,3779572:0.07180):0.04573,(696036:0.12597,((((801940:0.11194,3825327:0.14308):0.01603,(1928988:0.12430,(4455990:0.06847,1128285:0.07672):0.05209):0.00419):0.01518,(426860:0.14303,(3770699:0.16544,823009:0.14101):0.02172):0.00709):0.06981,(4423155:0.14626,3761685:0.11854):0.00619):0.00953):0.00786):0.01312,(4391683:0.09487,(229854:0.07993,4459468:0.07792):0.01283):0.00694):0.00101);
ME_NNI1	(4336814:0.10380,(4251079:0.12160,(4363563:0.16365,(4452949:0.09641,(2107103:0.17696,3190878:0.13367):0.01901):0.01324):0.00617):0.01426,(((4363260:0.07944,3779572:0.07180):0.04573,(696036:0.12597,((((4455990:0.06847,1128285:0.07672):0.05209,(1928988:0.12430,(801940:0.11194,3825327:0.14308):0.01603):0.00419):0.01518,(426860:0.14303,(3770699:0.16544,823009:0.14101):0.02172):0.00709):0.06981,(4423155:0.14626,3761685:0.11854):0.00619):0.00953):0.00786):0.01312,(4391683:0.09487,(229854:0.07993,4459468:0.07792):0.01283):0.00694):0.00101);
ME_NNI2	(4336814:0.10380,(4251079:0.12160,(4363563:0.16365,(4452949:0.09641,(2107103:0.17696,3190878:0.13367):0.01901):0.01324):0.00617):0.01426,(((4363260:0.07944,3779572:0.07180):0.04573,(696036:0.12597,((((4455990:0.06847,1128285:0.07672):0.05209,(1928988:0.12430,(801940:0.11194,3825327:0.14308):0.01603):0.00419):0.01518,(426860:0.14303,(3770699:0.16544,823009:0.14101):0.02172):0.00709):0.06981,(4423155:0.14626,3761685:0.11854):0.00619):0.00953):0.00786):0.01312,(4391683:0.09487,(229854:0.07993,4459468:0.07792):0.01283):0.00694):0.00101);
Min_evolution NNIs converged at round 2 -- skipping some rounds
ME_SPR1	(4336814:0.10380,(4251079:0.12160,(4363563:0.16365,(4452949:0.09641,(2107103:0.17696,3190878:0.13367):0.01901):0.01324):0.00617):0.01426,(((4363260:0.07944,3779572:0.07180):0.04573,(696036:0.12597,((((4455990:0.06847,1128285:0.07672):0.05209,(1928988:0.12430,(801940:0.11194,3825327:0.14308):0.01603):0.00419):0.01518,(426860:0.14303,(3770699:0.16544,823009:0.14101):0.02172):0.00709):0.06981,(4423155:0.14626,3761685:0.11854):0.00619):0.00953):0.00786):0.01312,(4391683:0.09487,(229854:0.07993,4459468:0.07792):0.01283):0.00694):0.00101);
ME_NNI7	(4336814:0.10380,(4251079:0.12160,(4363563:0.16365,(4452949:0.09641,(2107103:0.17696,3190878:0.13367):0.01901):0.01324):0.00617):0.01426,(((4363260:0.07944,3779572:0.07180):0.04573,(696036:0.12597,((((4455990:0.06847,1128285:0.07672):0.05209,(1928988:0.12430,(801940:0.11194,3825327:0.14308):0.01603):0.00419):0.01518,(426860:0.14303,(3770699:0.16544,823009:0.14101):0.02172):0.00709):0.06981,(4423155:0.14626,3761685:0.11854):0.00619):0.00953):0.00786):0.01312,(4391683:0.09487,(229854:0.07993,4459468:0.07792):0.01283):0.00694):0.00101);
Min_evolution NNIs converged at round 7 -- skipping some rounds
ME_SPR2	(4336814:0.10380,(4251079:0.12160,(4363563:0.16365,(4452949:0.09641,(2107103:0.17696,3190878:0.13367):0.01901):0.01324):0.00617):0.01426,(((4363260:0.07944,3779572:0.07180):0.04573,(696036:0.12597,((((4455990:0.06847,1128285:0.07672):0.05209,(1928988:0.12430,(801940:0.11194,3825327:0.14308):0.01603):0.00419):0.01518,(426860:0.14303,(3770699:0.16544,823009:0.14101):0.02172):0.00709):0.06981,(4423155:0.14626,3761685:0.11854):0.00619):0.00953):0.00786):0.01312,(4391683:0.09487,(229854:0.07993,4459468:0.07792):0.01283):0.00694):0.00101);
ME_NNI13	(4336814:0.10380,(4251079:0.12160,(4363563:0.16365,(4452949:0.09641,(2107103:0.17696,3190878:0.13367):0.01901):0.01324):0.00617):0.01426,(((4363260:0.07944,3779572:0.07180):0.04573,(696036:0.12597,((((4455990:0.06847,1128285:0.07672):0.05209,(1928988:0.12430,(801940:0.11194,3825327:0.14308):0.01603):0.00419):0.01518,(426860:0.14303,(3770699:0.16544,823009:0.14101):0.02172):0.00709):0.06981,(4423155:0.14626,3761685:0.11854):0.00619):0.00953):0.00786):0.01312,(4391683:0.09487,(229854:0.07993,4459468:0.07792):0.01283):0.00694):0.00101);
Min_evolution NNIs converged at round 13 -- skipping some rounds
ME_Lengths	(4336814:0.11909,(4251079:0.13684,(4363563:0.22139,(4452949:0.11483,(2107103:0.24861,3190878:0.15463):0.02021):0.02232):0.00660):0.02692,(((4363260:0.09335,3779572:0.07557):0.06182,(696036:0.15215,((((4455990:0.07509,1128285:0.08628):0.06520,(1928988:0.14781,(801940:0.11814,3825327:0.19351):0.02903):0.01092):0.01233,(426860:0.18503,(3770699:0.23453,823009:0.15942):0.03202):0.01621):0.13075,(4423155:0.17508,3761685:0.15156):0.00701):0.01672):0.01592):0.02128,(4391683:0.11069,(229854:0.09342,4459468:0.08381):0.01519):0.00465):0.00552);
Total branch-length 3.651 after 0.25 sec
ML_Lengths1	(4336814:0.12557,(4251079:0.13845,(4363563:0.22998,(4452949:0.11079,(2107103:0.25436,3190878:0.15921):0.06002):0.04997):0.03019):0.04818,(((4363260:0.09538,3779572:0.07710):0.06698,(696036:0.16270,((((4455990:0.07934,1128285:0.08477):0.08894,(1928988:0.13767,(801940:0.11046,3825327:0.20894):0.06237):0.03941):0.02163,(426860:0.19159,(3770699:0.25386,823009:0.13558):0.05356):0.04875):0.20541,(4423155:0.18315,3761685:0.14458):0.04513):0.03095):0.03719):0.04814,(4391683:0.11635,(229854:0.09235,4459468:0.09421):0.03508):0.01684):0.02450);
ML_NNI1	((((4363260:0.09805,3779572:0.07496):0.06585,(696036:0.16209,((((4455990:0.08109,1128285:0.08293):0.07375,(426860:0.19682,(3770699:0.25386,823009:0.13517):0.04777):0.05793):0.03668,(1928988:0.14019,(801940:0.11478,3825327:0.20399):0.05699):0.02786):0.20371,(4423155:0.18074,3761685:0.14794):0.04343):0.02913):0.03808):0.04329,(229854:0.09261,4459468:0.09347):0.03319):0.02455,(4363563:0.23212,(4251079:0.13244,(4452949:0.10978,(2107103:0.26010,3190878:0.15196):0.05744):0.05484):0.03095):0.04444,(4391683:0.10841,4336814:0.12564):0.02108);
TreeLogLk	ML_NNI1	-19444.0723	MaxChange	6.3179
GTRFreq	0.2681	0.2196	0.2972	0.2151
GTRRates	0.7140	1.6136	1.1473	0.8229	2.8206	1.0000
NCategories	20
Rates 0.057278 0.078512 0.107619 0.147516 0.202204 0.277166 0.379918 0.520763 0.713824 0.978456 1.341195 1.838410 2.519956 3.454168 4.734717 6.489997 8.896006 12.193984 16.714605 22.911137
SiteCategories 8 7 7 7 7 7 8 10 7 7 9 8 9 9 10 9 10 12 11 9 8 9 9 8 7 12 9 11 11 10 12 11 11 10 9 12 6 10 7 10 11 8 7 6 7 8 11 7 9 8 10 11 8 9 8 10 11 7 9 11 13 8 10 12 8 9 6 9 9 8 6 7 7 11 12 10 11 8 12 11 11 11 8 11 10 8 12 8 9 12 10 12 13 12 11 11 13 12 11 10 12 8 10 8 11 9 11 12 11 12 12 9 7 7 7 11 11 11 12 11 9 12 7 7 7 9 12 10 12 12 13 7 6 10 13 13 7 7 7 8 12 9 8 10 11 13 13 12 12 9 8 10 10 11 9 11 11 10 9 10 10 11 11 12 12 7 6 10 7 7 12 9 12 9 6 10 8 9 9 12 12 10 8 7 8 7 11 10 10 10 11 9 10 8 8 10 7 10 12 6 13 9 12 11 7 9 12 13 10 6 7 10 9 11 9 11 10 12 7 8 11 8 8 8 11 11 10 10 8 11 8 11 9 10 10 7 9 9 12 10 9 10 12 10 6 6 7 8 10 7 9 7 12 11 9 12 10 9 11 12 10 9 11 9 10 7 9 9 7 9 8 12 10 8 6 7 8 6 7 8 9 10 12 10 8 8 8 9 12 10 6 10 12 11 6 8 8 6 8 11 11 11 8 10 7 8 11 11 10 8 7 7 11 13 10 10 7 10 12 7 12 12 10 11 11 10 9 6 8 13 10 9 8 9 12 8 7 9 8 9 11 9 11 13 12 11 8 11 8 11 8 7 9 7 7 12 10 13 8 7 11 7 12 13 12 13 12 11 10 11 10 10 10 9 7 9 11 10 9 11 11 13 13 13 11 7 11 13 8 7 8 11 12 11 11 8 10 9 9 7 7 10 9 13 11 8 6 7 6 6 7 7 9 9 9 9 9 8 6 7 7 6 7 7 12 8 6 11 12 11 11 10 11 12 12 8 12 7 10 10 7 9 9 13 11 11 9 11 13 10 11 7 10 7 11 6 9 8 7 10 12 6 7 7 8 8 13 8 9 13 10 8 9 7 7 11 12 11 10 12 11 11 13 12 11 11 9 9 7 11 13 13 12 14 11 9 12 9 8 7 12 13 11 11 13 13 13 9 8 9 11 8 7 11 13 12 12 12 12 12 13 13 11 12 12 13 13 11 12 12 8 11 8 8 9 12 13 13 13 12 13 9 7 12 7 10 11 10 13 12 11 11 12 10 11 11 9 7 12 13 12 12 12 11 7 9 7 10 10 12 10 13 13 9 11 8 12 7 10 13 11 9 7 10 9 8 7 6 12 10 12 12 10 10 7 9 10 9 13 12 11 13 12 12 7 8 9 10 11 9 6 12 13 9 10 7 8 7 8 9 9 7 6 12 12 12 11 13 12 9 9 11 10 13 12 11 12 10 11 10 7 8 6 12 11 6 11 8 10 10 13 10 8 7 7 7 8 8 8 12 11 8 7 7 10 9 9 8 12 8 11 13 11 8 7 7 7 6 7 8 8 9 7 6 6 8 11 13 11 6 7 8 6 8 8 11 12 8 8 9 11 6 9 7 8 6 10 9 6 8 10 14 13 11 11 6 10 11 13 9 12 6 11 12 11 13 13 12 12 12 12 11 9 10 9 12 11 11 13 7 7 11 9 9 7 11 11 8 10 10 8 7 7 11 11 13 13 10 9 8 10 6 8 6 7 10 7 11 7 10 6 7 8 7 13 11 6 7 6 8 7 7 12 12 8 11 7 7 7 6 6 10 9 7 8 10 10 7 7 6 9 7 11 6 7 7 7 9 10 11 12 11 11 7 8 6 8 7 11 11 11 7 6 7 9 8 9 9 11 7 9 8 8 7 6 6 9 8 7 6 8 10 9 7 10 11 10 11 7 9 11 6 10 11 9 11 10 7 11 6 6 10 8 6 8 10 11 11 12 12 7 7 9 8 10 7 9 12 12 11 10 8 8 8 10 8 12 7 7 6 8 7 7 7 9 8 8 7 9 10 10 10 8 8 11 8 9 9 7 10 9 9 8 8 9 9 10 10 9 10 6 11 11 11 10 6 7 7 7 9 6 10 11 11 11 11 7 8 8 9 9 12 8 9 9 8 7 9 8 10 12 12 12 12 12 13 11 11 11 11 6 6 11 9 10 8 11 10 11 13 12 13 12 12 11 7 6 10 8 9 11 13 11 11 9 12 11 9 10 12 11 12 10 9 8 8 7 8 7 7 9 13 11 12 10 8 10 11 12 7 10 7 9 8 8 9 8 6 6 12 9 10 8 6 7 12 9 8 9 9 9 8 10 11 12 12 11 10 8 7 7 6 10 8 6 8 6 9 9 8 11 10 9 7 9 6 7 7 7 7 11 13 13 13 11 6 8 10 11 9 11 8 13 12 11 9 12 7 12 13 12 11 7 11 11 7 11 10 13 11 12 9 9 10 13 7 7 8 8 11 11 12 12 12 12 13 11 6 11 10 7 8 6 9 10 10 8 7 8 7 12 11 9 10 9 6 7 11 7 7 9 8 7 10 10 10 11 13 6 9 8 7 8 10 13 11 7 7 7 7 6 10 10 11 6 7 7 6 7 9 8 9 8 11 12 11 10 7 9 7 10 10 8 10 11 12 12 11 8 8 8 8 7 7 7 6 10 11 7 8 9 9 10 10 9 11 11 10 9 8 6 7 8 7 6 10 8 7 6 9 7 6 6 6 7 6 6 8 10 10 10 10 9 11 9 10 10 7 9 10 12 10 10 12 11 13 12 10 12 11 12 10 7 10 12 12 8 12 7 12 11 11 10 13 13 12 12 9 12 13 11 11 12 7 10 10 9 9 10 10 7 11 7 7 7 7 7 7 7 7 7 7 7 7 7 7 7 7 9 9 10 11
ML_NNI2	(4391683:0.12704,(4363563:0.27497,(4251079:0.14787,(4452949:0.11614,(2107103:0.30756,3190878:0.18416):0.05779):0.06013):0.03048):0.04592,((((4363260:0.10589,3779572:0.08120):0.07016,(696036:0.19403,((((4455990:0.09756,1128285:0.08129):0.08950,(426860:0.23645,(3770699:0.30683,823009:0.15331):0.04479):0.05225):0.04118,(1928988:0.15440,(801940:0.13107,3825327:0.24560):0.06045):0.02840):0.27643,(4423155:0.22397,3761685:0.16693):0.04863):0.03246):0.03200):0.05617,(229854:0.10811,4459468:0.10630):0.03034):0.02397,4336814:0.14736):0.01954);
TreeLogLk	ML_NNI2	-17217.9020	MaxChange	0.7599
ML_NNI3	(4391683:0.12690,(4363563:0.27619,(4251079:0.14827,(4452949:0.11589,(2107103:0.30756,3190878:0.18416):0.05841):0.06099):0.02809):0.04691,((((4363260:0.10589,3779572:0.08120):0.06888,(696036:0.19413,((((4455990:0.09713,1128285:0.08121):0.09029,(426860:0.23645,(3770699:0.30683,823009:0.15331):0.04479):0.05096):0.04178,(1928988:0.15511,(801940:0.13107,3825327:0.24560):0.06003):0.02790):0.27581,(4423155:0.22397,3761685:0.16693):0.04968):0.03259):0.03260):0.05451,(229854:0.10778,4459468:0.10679):0.03308):0.02332,4336814:0.14708):0.02019);
TreeLogLk	ML_NNI3	-17217.7919	MaxChange	0.0000
Turning off heuristics for final round of ML NNIs (converged)
ML_NNI4	(4391683:0.12690,(4363563:0.27619,(4251079:0.14812,(4452949:0.11613,(2107103:0.30756,3190878:0.18520):0.05795):0.06085):0.02806):0.04691,((((4363260:0.10522,3779572:0.08135):0.06873,(696036:0.19413,((((4455990:0.09722,1128285:0.08113):0.09029,(426860:0.23610,(3770699:0.30637,823009:0.15549):0.04444):0.05090):0.04184,(1928988:0.15511,(801940:0.13078,3825327:0.24682):0.06003):0.02787):0.27581,(4423155:0.22368,3761685:0.16761):0.04956):0.03259):0.03282):0.05451,(229854:0.10767,4459468:0.10679):0.03311):0.02329,4336814:0.14708):0.02023);
TreeLogLk	ML_NNI4	-17217.7767	MaxChange	0.0000
ML_Lengths2	(4391683:0.12690,(4363563:0.27619,(4251079:0.14812,(4452949:0.11613,(2107103:0.30756,3190878:0.18520):0.05795):0.06085):0.02806):0.04691,((((4363260:0.10522,3779572:0.08135):0.06873,(696036:0.19413,((((4455990:0.09713,1128285:0.08121):0.09038,(426860:0.23610,(3770699:0.30637,823009:0.15565):0.04444):0.05090):0.04180,(1928988:0.15511,(801940:0.13065,3825327:0.24682):0.06009):0.02787):0.27581,(4423155:0.22368,3761685:0.16761):0.04951):0.03259):0.03282):0.05451,(229854:0.10767,4459468:0.10679):0.03315):0.02329,4336814:0.14708):0.02023);
TreeLogLk	ML_Lengths2	-17217.7767
Total time: 1.58 seconds Unique: 22/22 Bad splits: 0/19
Dist/N**2: by-profile 9.347 (out 0.479) by-leaf 0.948 avg-prof 6.052
Top hits: close neighbors 5/22 2nd-level 0 refreshes 3 Hill-climb: 0 Update-best: 3
NNI: 2 SPR: 0 ML-NNI: 5
Max-lk operations: lk 22593 posterior 5732 star-only 0
TreeCompleted
